2024-01-20 14:39:44.249 [main] INFO  com.qa.base.BaseTest - Initializing extent reports...
2024-01-20 14:39:52.379 [main] INFO  com.qa.base.BaseTest - Flushing extent reports...
2024-01-20 14:43:46.368 [main] INFO  com.qa.base.BaseTest - Initializing extent reports...
2024-01-20 14:43:54.058 [main] INFO  com.qa.base.BaseTest - Flushing extent reports...
2024-01-20 14:47:00.320 [main] INFO  com.qa.base.BaseTest - Initializing extent reports...
2024-01-20 14:47:07.650 [main] INFO  com.qa.base.BaseTest - Flushing extent reports...
2024-01-20 14:48:35.005 [main] INFO  com.qa.base.BaseTest - Initializing extent reports...
2024-01-20 14:48:43.295 [main] INFO  com.qa.base.BaseTest - Flushing extent reports...
2024-01-20 14:50:45.994 [main] INFO  com.qa.base.BaseTest - Initializing extent reports...
2024-01-20 14:50:53.800 [main] INFO  com.qa.base.BaseTest - Flushing extent reports...
2024-01-20 14:52:13.753 [main] INFO  com.qa.base.BaseTest - Initializing extent reports...
2024-01-20 14:52:21.477 [main] INFO  com.qa.base.BaseTest - Flushing extent reports...
2024-01-20 14:54:56.124 [main] INFO  com.qa.base.BaseTest - Initializing extent reports...
2024-01-20 14:55:03.563 [main] INFO  com.qa.base.BaseTest - Flushing extent reports...
2024-01-20 14:55:53.718 [main] INFO  com.qa.base.BaseTest - Initializing extent reports...
2024-01-20 14:56:01.051 [main] INFO  com.qa.base.BaseTest - Flushing extent reports...
2024-01-20 14:56:54.676 [main] INFO  com.qa.base.BaseTest - Initializing extent reports...
2024-01-20 14:57:01.968 [main] INFO  com.qa.base.BaseTest - Flushing extent reports...
2024-01-20 14:59:09.060 [main] INFO  com.qa.base.BaseTest - Initializing extent reports...
2024-01-20 14:59:17.731 [main] INFO  com.qa.base.BaseTest - Flushing extent reports...
2024-01-20 15:07:57.206 [main] INFO  com.qa.base.BaseTest - Initializing extent reports...
2024-01-20 15:08:04.485 [main] INFO  com.qa.base.BaseTest - Flushing extent reports...
2024-01-20 15:20:16.709 [main] INFO  com.qa.base.BaseTest - Initializing extent reports...
2024-01-20 15:20:28.667 [main] INFO  com.qa.base.BaseTest - Flushing extent reports...
2024-01-20 15:21:12.471 [main] INFO  com.qa.base.BaseTest - Initializing extent reports...
2024-01-20 15:21:21.482 [main] INFO  com.qa.base.BaseTest - Flushing extent reports...
2024-01-20 15:24:29.110 [main] INFO  com.qa.base.BaseTest - Initializing extent reports...
2024-01-20 15:24:29.365 [main] INFO  com.qa.base.BaseTest - Flushing extent reports...
2024-01-20 15:38:58.914 [main] INFO  com.qa.base.BaseTest - Initializing extent reports...
2024-01-20 15:39:07.827 [main] INFO  com.qa.base.BaseTest - Flushing extent reports...
2024-01-20 15:41:44.364 [main] INFO  com.qa.base.BaseTest - Initializing extent reports...
2024-01-20 15:41:52.877 [main] INFO  com.qa.base.BaseTest - Flushing extent reports...
2024-01-20 15:42:39.651 [main] INFO  com.qa.base.BaseTest - Initializing extent reports...
2024-01-20 15:42:50.161 [main] INFO  com.qa.base.BaseTest - Flushing extent reports...
2024-01-20 15:49:42.259 [main] INFO  com.qa.base.BaseTest - Initializing extent reports...
2024-01-20 15:49:49.925 [main] INFO  com.qa.base.BaseTest - Flushing extent reports...
2024-01-20 15:50:00.534 [main] INFO  com.qa.base.BaseTest - Initializing extent reports...
2024-01-20 15:50:07.965 [main] INFO  com.qa.base.BaseTest - Flushing extent reports...
2024-01-20 15:53:12.084 [main] INFO  com.qa.base.BaseTest - Initializing extent reports...
2024-01-20 15:53:20.453 [main] INFO  com.qa.base.BaseTest - Flushing extent reports...
2024-01-20 15:55:25.554 [main] INFO  com.qa.base.BaseTest - Initializing extent reports...
2024-01-20 15:55:34.070 [main] INFO  com.qa.base.BaseTest - Flushing extent reports...
2024-01-20 15:58:23.583 [main] INFO  com.qa.base.BaseTest - Initializing extent reports...
2024-01-20 15:58:31.154 [main] INFO  com.qa.base.BaseTest - Flushing extent reports...
2024-01-20 15:59:19.509 [main] INFO  com.qa.base.BaseTest - Initializing extent reports...
2024-01-20 15:59:27.438 [main] INFO  com.qa.base.BaseTest - Flushing extent reports...
2024-01-20 16:15:49.953 [main] INFO  com.qa.base.BaseTest - Initializing extent reports...
2024-01-20 16:16:15.699 [main] INFO  com.qa.base.BaseTest - Flushing extent reports...
2024-01-20 16:16:46.574 [main] INFO  com.qa.base.BaseTest - Initializing extent reports...
2024-01-20 16:16:54.003 [main] INFO  com.qa.base.BaseTest - Flushing extent reports...
2024-01-20 16:26:33.973 [main] INFO  com.qa.base.BaseTest - Initializing extent reports...
2024-01-20 16:26:58.725 [main] INFO  com.qa.base.BaseTest - Flushing extent reports...
2024-01-20 16:28:52.299 [main] INFO  com.qa.base.BaseTest - Initializing extent reports...
2024-01-20 16:29:16.382 [main] INFO  com.qa.base.BaseTest - Flushing extent reports...
2024-01-20 16:32:01.250 [main] INFO  com.qa.base.BaseTest - Initializing extent reports...
2024-01-20 16:32:26.148 [main] INFO  com.qa.base.BaseTest - Flushing extent reports...
2024-01-20 16:32:38.414 [main] INFO  com.qa.base.BaseTest - Initializing extent reports...
2024-01-20 16:33:03.334 [main] INFO  com.qa.base.BaseTest - Flushing extent reports...
2024-01-20 16:33:11.856 [main] INFO  com.qa.base.BaseTest - Initializing extent reports...
2024-01-20 16:33:37.375 [main] INFO  com.qa.base.BaseTest - Flushing extent reports...
2024-01-20 16:34:04.707 [main] INFO  com.qa.base.BaseTest - Initializing extent reports...
2024-01-20 16:34:29.981 [main] INFO  com.qa.base.BaseTest - Flushing extent reports...
2024-01-20 16:35:23.125 [main] INFO  com.qa.base.BaseTest - Initializing extent reports...
2024-01-20 16:35:47.902 [main] INFO  com.qa.base.BaseTest - Flushing extent reports...
2024-01-20 16:38:04.738 [main] INFO  com.qa.base.BaseTest - Initializing extent reports...
2024-01-20 16:38:28.994 [main] INFO  com.qa.base.BaseTest - Flushing extent reports...
2024-01-20 16:41:23.090 [main] INFO  com.qa.base.BaseTest - Initializing extent reports...
2024-01-20 16:41:48.891 [main] INFO  com.qa.base.BaseTest - Flushing extent reports...
2024-01-20 16:42:22.403 [main] INFO  com.qa.base.BaseTest - Initializing extent reports...
2024-01-20 16:42:47.809 [main] INFO  com.qa.base.BaseTest - Flushing extent reports...
2024-01-20 16:43:50.028 [main] INFO  com.qa.base.BaseTest - Initializing extent reports...
2024-01-20 16:44:15.222 [main] INFO  com.qa.base.BaseTest - Flushing extent reports...
2024-01-20 16:44:49.424 [main] INFO  com.qa.base.BaseTest - Initializing extent reports...
2024-01-20 16:45:14.351 [main] INFO  com.qa.base.BaseTest - Flushing extent reports...
2024-01-20 16:50:30.848 [main] INFO  com.qa.base.BaseTest - Initializing extent reports...
2024-01-20 16:50:42.593 [main] INFO  com.qa.base.BaseTest - Flushing extent reports...
2024-01-20 16:50:59.012 [main] INFO  com.qa.base.BaseTest - Initializing extent reports...
2024-01-20 16:51:23.792 [main] INFO  com.qa.base.BaseTest - Flushing extent reports...
2024-01-20 17:07:07.989 [main] INFO  com.qa.base.BaseTest - Initializing extent reports...
2024-01-20 17:07:18.260 [main] INFO  com.qa.base.BaseTest - Flushing extent reports...
2024-01-20 17:09:05.886 [main] INFO  com.qa.base.BaseTest - Initializing extent reports...
2024-01-20 17:09:15.594 [main] INFO  com.qa.base.BaseTest - Flushing extent reports...
2024-01-20 17:10:45.359 [main] INFO  com.qa.base.BaseTest - Initializing extent reports...
2024-01-20 17:11:16.260 [main] INFO  com.qa.base.BaseTest - Flushing extent reports...
2024-01-20 17:11:24.427 [main] INFO  com.qa.base.BaseTest - Initializing extent reports...
2024-01-20 17:11:35.685 [main] INFO  com.qa.base.BaseTest - Flushing extent reports...
2024-01-20 17:41:40.459 [main] INFO  com.qa.base.BaseTest - Initializing extent reports...
2024-01-20 17:41:52.265 [main] INFO  com.qa.base.BaseTest - Flushing extent reports...
2024-01-20 17:42:05.823 [main] INFO  com.qa.base.BaseTest - Initializing extent reports...
2024-01-20 17:42:14.307 [main] INFO  com.qa.base.BaseTest - Flushing extent reports...
2024-01-20 17:42:37.775 [main] INFO  com.qa.base.BaseTest - Initializing extent reports...
2024-01-20 17:42:45.299 [main] INFO  com.qa.base.BaseTest - Flushing extent reports...
2024-01-20 17:43:37.178 [main] INFO  com.qa.base.BaseTest - Initializing extent reports...
2024-01-20 17:43:44.026 [main] INFO  com.qa.base.BaseTest - Flushing extent reports...
2024-01-20 17:46:39.137 [main] INFO  com.qa.base.BaseTest - Initializing extent reports...
2024-01-20 17:46:46.057 [main] INFO  com.qa.base.BaseTest - Flushing extent reports...
2024-01-20 17:49:35.610 [main] INFO  com.qa.base.BaseTest - Initializing extent reports...
2024-01-20 17:49:42.540 [main] INFO  com.qa.base.BaseTest - Flushing extent reports...
2024-01-20 17:58:08.489 [main] INFO  com.qa.base.BaseTest - BeforeTest: Initializing extent reports...
2024-01-20 17:58:08.638 [main] INFO  com.qa.base.BaseTest - BeforeMethod: Initializing Web Driver...
2024-01-20 17:58:08.642 [main] INFO  com.qa.base.BaseTest - Setting webDriver...
2024-01-20 17:58:15.907 [main] INFO  com.qa.base.BaseTest - AfterMethod: Log result in extent reports...
2024-01-20 17:58:15.914 [main] INFO  com.qa.base.BaseTest - AfterTest: Flushing extent reports...
2024-01-20 17:58:27.097 [main] INFO  com.qa.base.BaseTest - BeforeTest: Initializing extent reports...
2024-01-20 17:58:27.252 [main] INFO  com.qa.base.BaseTest - BeforeMethod: Initializing Web Driver...
2024-01-20 17:58:27.258 [main] INFO  com.qa.base.BaseTest - Setting webDriver...
2024-01-20 17:58:33.970 [main] INFO  com.qa.base.BaseTest - AfterMethod: Log result in extent reports...
2024-01-20 17:58:33.976 [main] INFO  com.qa.base.BaseTest - AfterTest: Flushing extent reports...
2024-01-20 17:58:56.978 [main] INFO  com.qa.base.BaseTest - BeforeTest: Initializing extent reports...
2024-01-20 17:58:57.148 [main] INFO  com.qa.base.BaseTest - BeforeMethod: Initializing Web Driver...
2024-01-20 17:58:57.152 [main] INFO  com.qa.base.BaseTest - Setting webDriver...
2024-01-20 17:59:04.854 [main] INFO  com.qa.base.BaseTest - AfterMethod: Log result in extent reports...
2024-01-20 17:59:04.862 [main] INFO  com.qa.base.BaseTest - AfterTest: Flushing extent reports...
2024-01-20 17:59:15.360 [main] INFO  com.qa.base.BaseTest - BeforeTest: Initializing extent reports...
2024-01-20 17:59:15.501 [main] INFO  com.qa.base.BaseTest - BeforeMethod: Initializing Web Driver...
2024-01-20 17:59:15.504 [main] INFO  com.qa.base.BaseTest - Setting webDriver...
2024-01-20 17:59:32.637 [main] INFO  com.qa.base.BaseTest - AfterMethod: Log result in extent reports...
2024-01-20 17:59:32.645 [main] INFO  com.qa.base.BaseTest - AfterTest: Flushing extent reports...
2024-01-20 18:00:08.658 [main] INFO  com.qa.base.BaseTest - BeforeTest: Initializing extent reports...
2024-01-20 18:00:08.801 [main] INFO  com.qa.base.BaseTest - BeforeMethod: Initializing Web Driver...
2024-01-20 18:00:08.804 [main] INFO  com.qa.base.BaseTest - Setting webDriver...
2024-01-20 18:00:17.597 [main] INFO  com.qa.base.BaseTest - AfterMethod: Log result in extent reports...
2024-01-20 18:00:17.602 [main] INFO  com.qa.base.BaseTest - AfterTest: Flushing extent reports...
2024-01-20 18:00:58.708 [main] INFO  com.qa.base.BaseTest - BeforeTest: Initializing extent reports...
2024-01-20 18:00:58.873 [main] INFO  com.qa.base.BaseTest - BeforeMethod: Initializing Web Driver...
2024-01-20 18:00:58.876 [main] INFO  com.qa.base.BaseTest - Setting webDriver...
2024-01-20 18:01:05.749 [main] INFO  com.qa.base.BaseTest - AfterMethod: Log result in extent reports...
2024-01-20 18:01:05.758 [main] INFO  com.qa.base.BaseTest - AfterTest: Flushing extent reports...
2024-01-20 18:01:56.310 [main] INFO  com.qa.base.BaseTest - BeforeTest: Initializing extent reports...
2024-01-20 18:01:56.456 [main] INFO  com.qa.base.BaseTest - BeforeMethod: Initializing Web Driver...
2024-01-20 18:01:56.459 [main] INFO  com.qa.base.BaseTest - Setting webDriver...
2024-01-20 18:02:03.283 [main] INFO  com.qa.base.BaseTest - AfterMethod: Log result in extent reports...
2024-01-20 18:02:03.290 [main] INFO  com.qa.base.BaseTest - AfterTest: Flushing extent reports...
2024-01-20 18:03:08.278 [main] INFO  com.qa.base.BaseTest - BeforeTest: Initializing extent reports...
2024-01-20 18:03:08.423 [main] INFO  com.qa.base.BaseTest - BeforeMethod: Initializing Web Driver...
2024-01-20 18:03:08.427 [main] INFO  com.qa.base.BaseTest - Setting webDriver...
2024-01-20 18:03:15.399 [main] INFO  com.qa.base.BaseTest - AfterMethod: Log result in extent reports...
2024-01-20 18:03:15.406 [main] INFO  com.qa.base.BaseTest - AfterTest: Flushing extent reports...
2024-01-20 18:04:08.238 [main] INFO  com.qa.base.BaseTest - BeforeTest: Initializing extent reports...
2024-01-20 18:04:08.390 [main] INFO  com.qa.base.BaseTest - BeforeMethod: Initializing Web Driver...
2024-01-20 18:04:08.393 [main] INFO  com.qa.base.BaseTest - Setting webDriver...
2024-01-20 18:04:18.724 [main] INFO  com.qa.base.BaseTest - AfterMethod: Log result in extent reports...
2024-01-20 18:04:18.734 [main] INFO  com.qa.base.BaseTest - AfterTest: Flushing extent reports...
2024-01-20 18:04:54.815 [main] INFO  com.qa.base.BaseTest - BeforeTest: Initializing extent reports...
2024-01-20 18:04:54.962 [main] INFO  com.qa.base.BaseTest - BeforeMethod: Initializing Web Driver...
2024-01-20 18:04:54.965 [main] INFO  com.qa.base.BaseTest - Setting webDriver...
2024-01-20 18:05:02.154 [main] INFO  com.qa.base.BaseTest - AfterMethod: Log result in extent reports...
2024-01-20 18:05:02.162 [main] INFO  com.qa.base.BaseTest - AfterTest: Flushing extent reports...
2024-01-20 18:05:42.393 [main] INFO  com.qa.base.BaseTest - BeforeTest: Initializing extent reports...
2024-01-20 18:05:42.532 [main] INFO  com.qa.base.BaseTest - BeforeMethod: Initializing Web Driver...
2024-01-20 18:05:42.535 [main] INFO  com.qa.base.BaseTest - Setting webDriver...
2024-01-20 18:05:49.149 [main] INFO  com.qa.base.BaseTest - AfterMethod: Log result in extent reports...
2024-01-20 18:05:49.156 [main] INFO  com.qa.base.BaseTest - AfterTest: Flushing extent reports...
2024-01-20 18:06:08.156 [main] INFO  com.qa.base.BaseTest - BeforeTest: Initializing extent reports...
2024-01-20 18:06:08.323 [main] INFO  com.qa.base.BaseTest - BeforeMethod: Initializing Web Driver...
2024-01-20 18:06:08.329 [main] INFO  com.qa.base.BaseTest - Setting webDriver...
2024-01-20 18:06:17.261 [main] INFO  com.qa.base.BaseTest - AfterMethod: Log result in extent reports...
2024-01-20 18:06:17.267 [main] INFO  com.qa.base.BaseTest - AfterTest: Flushing extent reports...
2024-01-20 18:06:33.766 [main] INFO  com.qa.base.BaseTest - BeforeTest: Initializing extent reports...
2024-01-20 18:06:33.911 [main] INFO  com.qa.base.BaseTest - BeforeMethod: Initializing Web Driver...
2024-01-20 18:06:33.915 [main] INFO  com.qa.base.BaseTest - Setting webDriver...
2024-01-20 18:06:41.053 [main] INFO  com.qa.base.BaseTest - AfterMethod: Log result in extent reports...
2024-01-20 18:06:41.060 [main] INFO  com.qa.base.BaseTest - AfterTest: Flushing extent reports...
2024-01-20 18:07:07.342 [main] INFO  com.qa.base.BaseTest - BeforeTest: Initializing extent reports...
2024-01-20 18:07:07.516 [main] INFO  com.qa.base.BaseTest - BeforeMethod: Initializing Web Driver...
2024-01-20 18:07:07.520 [main] INFO  com.qa.base.BaseTest - Setting webDriver...
2024-01-20 18:07:14.633 [main] INFO  com.qa.base.BaseTest - AfterMethod: Log result in extent reports...
2024-01-20 18:07:14.640 [main] INFO  com.qa.base.BaseTest - AfterTest: Flushing extent reports...
2024-01-20 18:07:49.376 [main] INFO  com.qa.base.BaseTest - BeforeTest: Initializing extent reports...
2024-01-20 18:07:49.518 [main] INFO  com.qa.base.BaseTest - BeforeMethod: Initializing Web Driver...
2024-01-20 18:07:49.522 [main] INFO  com.qa.base.BaseTest - Setting webDriver...
2024-01-20 18:07:57.060 [main] INFO  com.qa.base.BaseTest - AfterMethod: Log result in extent reports...
2024-01-20 18:07:57.067 [main] INFO  com.qa.base.BaseTest - AfterTest: Flushing extent reports...
2024-01-20 18:09:39.641 [main] INFO  com.qa.base.BaseTest - BeforeTest: Initializing extent reports...
2024-01-20 18:09:39.792 [main] INFO  com.qa.base.BaseTest - BeforeMethod: Initializing Web Driver...
2024-01-20 18:09:39.796 [main] INFO  com.qa.base.BaseTest - Setting webDriver...
2024-01-20 18:09:46.718 [main] INFO  com.qa.base.BaseTest - AfterMethod: Log result in extent reports...
2024-01-20 18:09:46.726 [main] INFO  com.qa.base.BaseTest - AfterTest: Flushing extent reports...
2024-01-20 18:10:08.618 [main] INFO  com.qa.base.BaseTest - BeforeTest: Initializing extent reports...
2024-01-20 18:10:08.782 [main] INFO  com.qa.base.BaseTest - BeforeMethod: Initializing Web Driver...
2024-01-20 18:10:08.786 [main] INFO  com.qa.base.BaseTest - Setting webDriver...
2024-01-20 18:10:15.840 [main] INFO  com.qa.base.BaseTest - AfterMethod: Log result in extent reports...
2024-01-20 18:10:15.849 [main] INFO  com.qa.base.BaseTest - AfterTest: Flushing extent reports...
2024-01-20 18:17:16.743 [main] INFO  com.qa.base.BaseTest - BeforeTest: Initializing extent reports...
2024-01-20 18:17:16.887 [main] INFO  com.qa.base.BaseTest - BeforeMethod: Initializing Web Driver...
2024-01-20 18:17:16.890 [main] INFO  com.qa.base.BaseTest - Setting webDriver...
2024-01-20 18:17:23.736 [main] INFO  com.qa.base.BaseTest - AfterMethod: Log result in extent reports...
2024-01-20 18:17:23.743 [main] INFO  com.qa.base.BaseTest - AfterTest: Flushing extent reports...
2024-01-20 18:30:25.509 [main] INFO  com.qa.base.BaseTest - BeforeTest: Initializing extent reports...
2024-01-20 18:30:25.648 [main] INFO  com.qa.base.BaseTest - BeforeMethod: Initializing Web Driver...
2024-01-20 18:30:25.651 [main] INFO  com.qa.base.BaseTest - Setting webDriver...
2024-01-20 18:30:36.661 [main] INFO  com.qa.base.BaseTest - AfterTest: Flushing extent reports...
2024-01-20 18:30:59.870 [main] INFO  com.qa.base.BaseTest - BeforeTest: Initializing extent reports...
2024-01-20 18:31:00.027 [main] INFO  com.qa.base.BaseTest - BeforeMethod: Initializing Web Driver...
2024-01-20 18:31:00.031 [main] INFO  com.qa.base.BaseTest - Setting webDriver...
2024-01-20 18:31:07.634 [main] INFO  com.qa.base.BaseTest - AfterMethod: Log result in extent reports...
2024-01-20 18:31:07.640 [main] INFO  com.qa.base.BaseTest - AfterTest: Flushing extent reports...
2024-01-20 18:31:41.875 [main] INFO  com.qa.base.BaseTest - BeforeTest: Initializing extent reports...
2024-01-20 18:31:42.024 [main] INFO  com.qa.base.BaseTest - BeforeMethod: Initializing Web Driver...
2024-01-20 18:31:42.027 [main] INFO  com.qa.base.BaseTest - Setting webDriver...
2024-01-20 18:31:49.591 [main] INFO  com.qa.base.BaseTest - AfterMethod: Log result in extent reports...
2024-01-20 18:31:49.599 [main] INFO  com.qa.base.BaseTest - AfterTest: Flushing extent reports...
2024-01-20 18:34:08.679 [main] INFO  com.qa.base.BaseTest - BeforeTest: Initializing extent reports...
2024-01-20 18:34:08.829 [main] INFO  com.qa.base.BaseTest - BeforeMethod: Initializing Web Driver...
2024-01-20 18:34:08.833 [main] INFO  com.qa.base.BaseTest - Setting webDriver...
2024-01-20 18:34:16.328 [main] INFO  com.qa.base.BaseTest - AfterMethod: Log result in extent reports...
2024-01-20 18:34:16.337 [main] INFO  com.qa.base.BaseTest - AfterTest: Flushing extent reports...
2024-01-20 18:36:18.117 [main] INFO  com.qa.base.BaseTest - BeforeTest: Initializing extent reports...
2024-01-20 18:36:18.267 [main] INFO  com.qa.base.BaseTest - BeforeMethod: Initializing Web Driver...
2024-01-20 18:36:18.273 [main] INFO  com.qa.base.BaseTest - Setting webDriver...
2024-01-20 18:36:26.002 [main] INFO  com.qa.base.BaseTest - AfterMethod: Log result in extent reports...
2024-01-20 18:36:26.009 [main] INFO  com.qa.base.BaseTest - AfterTest: Flushing extent reports...
2024-01-20 18:43:28.252 [main] INFO  com.qa.base.BaseTest - BeforeTest: Initializing extent reports...
2024-01-20 18:43:28.402 [main] INFO  com.qa.base.BaseTest - BeforeMethod: Initializing Web Driver...
2024-01-20 18:43:28.405 [main] INFO  com.qa.base.BaseTest - Setting webDriver...
2024-01-20 18:43:36.232 [main] INFO  com.qa.base.BaseTest - AfterMethod: Log result in extent reports...
2024-01-20 18:43:36.239 [main] INFO  com.qa.base.BaseTest - AfterTest: Flushing extent reports...
2024-01-20 18:44:09.084 [main] INFO  com.qa.base.BaseTest - BeforeTest: Initializing extent reports...
2024-01-20 18:44:09.230 [main] INFO  com.qa.base.BaseTest - BeforeMethod: Initializing Web Driver...
2024-01-20 18:44:09.234 [main] INFO  com.qa.base.BaseTest - Setting webDriver...
2024-01-20 18:44:15.834 [main] INFO  com.qa.base.BaseTest - AfterMethod: Log result in extent reports...
2024-01-20 18:44:15.842 [main] INFO  com.qa.base.BaseTest - AfterTest: Flushing extent reports...
2024-01-20 18:45:12.938 [main] INFO  com.qa.base.BaseTest - BeforeTest: Initializing extent reports...
2024-01-20 18:45:13.089 [main] INFO  com.qa.base.BaseTest - BeforeMethod: Initializing Web Driver...
2024-01-20 18:45:13.093 [main] INFO  com.qa.base.BaseTest - Setting webDriver...
2024-01-20 18:45:20.891 [main] INFO  com.qa.base.BaseTest - AfterMethod: Log result in extent reports...
2024-01-20 18:45:20.899 [main] INFO  com.qa.base.BaseTest - AfterTest: Flushing extent reports...
2024-01-20 18:57:14.619 [main] INFO  com.qa.base.BaseTest - BeforeTest: Initializing extent reports...
2024-01-20 18:57:14.750 [main] INFO  com.qa.base.BaseTest - BeforeMethod: Initializing Web Driver...
2024-01-20 18:57:14.753 [main] INFO  com.qa.base.BaseTest - Setting webDriver...
2024-01-20 18:57:22.594 [main] INFO  com.qa.base.BaseTest - AfterMethod: Log result in extent reports...
2024-01-20 18:57:22.602 [main] INFO  com.qa.base.BaseTest - AfterTest: Flushing extent reports...
2024-01-20 18:58:27.057 [main] INFO  com.qa.base.BaseTest - BeforeTest: Initializing extent reports...
2024-01-20 18:58:27.196 [main] INFO  com.qa.base.BaseTest - BeforeMethod: Initializing Web Driver...
2024-01-20 18:58:27.199 [main] INFO  com.qa.base.BaseTest - Setting webDriver...
2024-01-20 18:58:36.527 [main] INFO  com.qa.base.BaseTest - AfterMethod: Log result in extent reports...
2024-01-20 18:58:36.534 [main] INFO  com.qa.base.BaseTest - AfterTest: Flushing extent reports...
2024-01-20 19:12:21.322 [main] INFO  com.qa.base.BaseTest - BeforeTest: Initializing extent reports...
2024-01-20 19:12:21.450 [main] INFO  com.qa.base.BaseTest - BeforeMethod: Initializing Web Driver...
2024-01-20 19:12:21.453 [main] INFO  com.qa.base.BaseTest - Setting webDriver...
2024-01-20 19:12:26.404 [main] INFO  com.qa.base.BaseTest - AfterMethod: Log result in extent reports...
2024-01-20 19:12:26.412 [main] INFO  com.qa.base.BaseTest - AfterTest: Flushing extent reports...
2024-01-20 19:12:50.671 [main] INFO  com.qa.base.BaseTest - BeforeTest: Initializing extent reports...
2024-01-20 19:12:50.802 [main] INFO  com.qa.base.BaseTest - BeforeMethod: Initializing Web Driver...
2024-01-20 19:12:50.806 [main] INFO  com.qa.base.BaseTest - Setting webDriver...
2024-01-20 19:12:58.345 [main] INFO  com.qa.base.BaseTest - AfterMethod: Log result in extent reports...
2024-01-20 19:12:58.351 [main] INFO  com.qa.base.BaseTest - AfterTest: Flushing extent reports...
2024-01-20 19:17:47.288 [main] INFO  com.qa.base.BaseTest - BeforeTest: Initializing extent reports...
2024-01-20 19:17:47.418 [main] INFO  com.qa.base.BaseTest - BeforeMethod: Initializing Web Driver...
2024-01-20 19:17:47.421 [main] INFO  com.qa.base.BaseTest - Setting webDriver...
2024-01-20 19:17:51.895 [main] INFO  com.qa.base.BaseTest - AfterMethod: Log result in extent reports...
2024-01-20 19:17:51.901 [main] INFO  com.qa.base.BaseTest - AfterTest: Flushing extent reports...
2024-01-20 19:18:16.059 [main] INFO  com.qa.base.BaseTest - BeforeTest: Initializing extent reports...
2024-01-20 19:18:16.190 [main] INFO  com.qa.base.BaseTest - BeforeMethod: Initializing Web Driver...
2024-01-20 19:18:16.193 [main] INFO  com.qa.base.BaseTest - Setting webDriver...
2024-01-20 19:18:25.461 [main] INFO  com.qa.base.BaseTest - AfterMethod: Log result in extent reports...
2024-01-20 19:18:25.468 [main] INFO  com.qa.base.BaseTest - AfterTest: Flushing extent reports...
2024-01-20 19:20:00.036 [main] INFO  com.qa.base.BaseTest - BeforeTest: Initializing extent reports...
2024-01-20 19:20:00.185 [main] INFO  com.qa.base.BaseTest - AfterTest: Flushing extent reports...
2024-01-20 19:20:24.095 [main] INFO  com.qa.base.BaseTest - BeforeTest: Initializing extent reports...
2024-01-20 19:20:24.225 [main] INFO  com.qa.base.BaseTest - BeforeMethod: Initializing Web Driver...
2024-01-20 19:20:24.228 [main] INFO  com.qa.base.BaseTest - Setting webDriver...
2024-01-20 19:20:29.824 [main] INFO  com.qa.base.BaseTest - AfterMethod: Log result in extent reports...
2024-01-20 19:20:29.833 [main] INFO  com.qa.base.BaseTest - AfterTest: Flushing extent reports...
2024-01-20 19:21:32.893 [main] INFO  com.qa.base.BaseTest - BeforeTest: Initializing extent reports...
2024-01-20 19:21:33.023 [main] INFO  com.qa.base.BaseTest - BeforeMethod: Initializing Web Driver...
2024-01-20 19:21:33.027 [main] INFO  com.qa.base.BaseTest - Setting webDriver...
2024-01-20 19:21:38.471 [main] INFO  com.qa.base.BaseTest - AfterMethod: Log result in extent reports...
2024-01-20 19:21:38.486 [main] INFO  com.qa.base.BaseTest - AfterTest: Flushing extent reports...
2024-01-20 19:22:47.831 [main] INFO  com.qa.base.BaseTest - BeforeTest: Initializing extent reports...
2024-01-20 19:22:47.972 [main] INFO  com.qa.base.BaseTest - AfterTest: Flushing extent reports...
2024-01-20 19:22:58.768 [main] INFO  com.qa.base.BaseTest - BeforeTest: Initializing extent reports...
2024-01-20 19:22:58.898 [main] INFO  com.qa.base.BaseTest - BeforeMethod: Initializing Web Driver...
2024-01-20 19:22:58.901 [main] INFO  com.qa.base.BaseTest - Setting webDriver...
2024-01-20 19:23:07.462 [main] INFO  com.qa.base.BaseTest - AfterMethod: Log result in extent reports...
2024-01-20 19:23:07.469 [main] INFO  com.qa.base.BaseTest - AfterTest: Flushing extent reports...
2024-01-20 19:24:30.291 [main] INFO  com.qa.base.BaseTest - BeforeTest: Initializing extent reports...
2024-01-20 19:24:30.414 [main] INFO  com.qa.base.BaseTest - BeforeMethod: Initializing Web Driver...
2024-01-20 19:24:30.417 [main] INFO  com.qa.base.BaseTest - Setting webDriver...
2024-01-20 19:24:37.873 [main] INFO  com.qa.base.BaseTest - AfterMethod: Log result in extent reports...
2024-01-20 19:24:37.882 [main] INFO  com.qa.base.BaseTest - AfterTest: Flushing extent reports...
2024-01-20 19:25:09.562 [main] INFO  com.qa.base.BaseTest - BeforeTest: Initializing extent reports...
2024-01-20 19:25:09.693 [main] INFO  com.qa.base.BaseTest - BeforeMethod: Initializing Web Driver...
2024-01-20 19:25:09.696 [main] INFO  com.qa.base.BaseTest - Setting webDriver...
2024-01-20 19:25:19.227 [main] INFO  com.qa.base.BaseTest - AfterMethod: Log result in extent reports...
2024-01-20 19:25:19.234 [main] INFO  com.qa.base.BaseTest - AfterTest: Flushing extent reports...
2024-01-20 19:25:49.480 [main] INFO  com.qa.base.BaseTest - BeforeTest: Initializing extent reports...
2024-01-20 19:25:49.613 [main] INFO  com.qa.base.BaseTest - BeforeMethod: Initializing Web Driver...
2024-01-20 19:25:49.617 [main] INFO  com.qa.base.BaseTest - Setting webDriver...
2024-01-20 19:25:59.363 [main] INFO  com.qa.base.BaseTest - AfterMethod: Log result in extent reports...
2024-01-20 19:25:59.370 [main] INFO  com.qa.base.BaseTest - AfterTest: Flushing extent reports...
2024-01-20 19:26:50.308 [main] INFO  com.qa.base.BaseTest - BeforeTest: Initializing extent reports...
2024-01-20 19:26:50.439 [main] INFO  com.qa.base.BaseTest - BeforeMethod: Initializing Web Driver...
2024-01-20 19:26:50.443 [main] INFO  com.qa.base.BaseTest - Setting webDriver...
2024-01-20 19:27:08.199 [main] INFO  com.qa.base.BaseTest - AfterMethod: Log result in extent reports...
2024-01-20 19:27:08.204 [main] INFO  com.qa.base.BaseTest - AfterTest: Flushing extent reports...
2024-01-20 19:32:42.762 [main] INFO  com.qa.base.BaseTest - BeforeTest: Initializing extent reports...
2024-01-20 19:32:42.888 [main] INFO  com.qa.base.BaseTest - BeforeMethod: Initializing Web Driver...
2024-01-20 19:32:42.891 [main] INFO  com.qa.base.BaseTest - Setting webDriver...
2024-01-20 19:32:52.198 [main] INFO  com.qa.base.BaseTest - TestMethod: Entering Test Method
2024-01-20 19:32:54.084 [main] INFO  com.qa.base.BaseTest - AfterMethod: Log result in extent reports...
2024-01-20 19:32:54.091 [main] INFO  com.qa.base.BaseTest - AfterTest: Flushing extent reports...
2024-01-20 19:33:34.199 [main] INFO  com.qa.base.BaseTest - BeforeTest: Initializing extent reports...
2024-01-20 19:33:34.333 [main] INFO  com.qa.base.BaseTest - BeforeMethod: Initializing Web Driver...
2024-01-20 19:33:34.336 [main] INFO  com.qa.base.BaseTest - Setting webDriver...
2024-01-20 19:33:38.790 [main] INFO  com.qa.base.BaseTest - TestMethod: Entering Test Method
2024-01-20 19:33:42.423 [main] INFO  com.qa.base.BaseTest - AfterMethod: Log result in extent reports...
2024-01-20 19:33:42.428 [main] INFO  com.qa.base.BaseTest - AfterTest: Flushing extent reports...
2024-01-20 19:33:59.804 [main] INFO  com.qa.base.BaseTest - BeforeTest: Initializing extent reports...
2024-01-20 19:33:59.944 [main] INFO  com.qa.base.BaseTest - BeforeMethod: Initializing Web Driver...
2024-01-20 19:33:59.948 [main] INFO  com.qa.base.BaseTest - Setting webDriver...
2024-01-20 19:34:04.351 [main] INFO  com.qa.base.BaseTest - TestMethod: Entering Test Method
2024-01-20 19:34:06.611 [main] INFO  com.qa.base.BaseTest - AfterMethod: Log result in extent reports...
2024-01-20 19:34:06.617 [main] INFO  com.qa.base.BaseTest - AfterTest: Flushing extent reports...
2024-01-20 19:35:44.585 [main] INFO  com.qa.base.BaseTest - BeforeTest: Initializing extent reports...
2024-01-20 19:35:44.724 [main] INFO  com.qa.base.BaseTest - BeforeMethod: Initializing Web Driver...
2024-01-20 19:35:44.728 [main] INFO  com.qa.base.BaseTest - Setting webDriver...
2024-01-20 19:35:48.990 [main] INFO  com.qa.base.BaseTest - TestMethod: Entering Test Method
2024-01-20 19:35:52.348 [main] INFO  com.qa.base.BaseTest - AfterMethod: Log result in extent reports...
2024-01-20 19:35:52.356 [main] INFO  com.qa.base.BaseTest - AfterTest: Flushing extent reports...
2024-01-20 19:36:46.372 [main] INFO  com.qa.base.BaseTest - BeforeTest: Initializing extent reports...
2024-01-20 19:36:46.504 [main] INFO  com.qa.base.BaseTest - BeforeMethod: Initializing Web Driver...
2024-01-20 19:36:46.507 [main] INFO  com.qa.base.BaseTest - Setting webDriver...
2024-01-20 19:36:55.635 [main] INFO  com.qa.base.BaseTest - TestMethod: Entering Test Method
2024-01-20 19:36:58.272 [main] INFO  com.qa.base.BaseTest - AfterMethod: Log result in extent reports...
2024-01-20 19:36:58.279 [main] INFO  com.qa.base.BaseTest - AfterTest: Flushing extent reports...
2024-01-20 19:39:43.442 [main] INFO  com.qa.base.BaseTest - BeforeTest: Initializing extent reports...
2024-01-20 19:39:43.570 [main] INFO  com.qa.base.BaseTest - BeforeMethod: Initializing Web Driver...
2024-01-20 19:39:43.573 [main] INFO  com.qa.base.BaseTest - Setting webDriver...
2024-01-20 19:39:52.834 [main] INFO  com.qa.base.BaseTest - TestMethod: Entering Test Method
2024-01-20 19:39:53.187 [main] INFO  com.qa.base.BaseTest - AfterMethod: Log result in extent reports...
2024-01-20 19:39:53.192 [main] INFO  com.qa.base.BaseTest - AfterTest: Flushing extent reports...
2024-01-20 19:40:12.104 [main] INFO  com.qa.base.BaseTest - BeforeTest: Initializing extent reports...
2024-01-20 19:40:12.234 [main] INFO  com.qa.base.BaseTest - BeforeMethod: Initializing Web Driver...
2024-01-20 19:40:12.237 [main] INFO  com.qa.base.BaseTest - Setting webDriver...
2024-01-20 19:40:16.505 [main] INFO  com.qa.base.BaseTest - TestMethod: Entering Test Method
2024-01-20 19:40:19.926 [main] INFO  com.qa.base.BaseTest - AfterMethod: Log result in extent reports...
2024-01-20 19:40:19.933 [main] INFO  com.qa.base.BaseTest - AfterTest: Flushing extent reports...
2024-01-20 19:41:07.396 [main] INFO  com.qa.base.BaseTest - BeforeTest: Initializing extent reports...
2024-01-20 19:41:07.528 [main] INFO  com.qa.base.BaseTest - BeforeMethod: Initializing Web Driver...
2024-01-20 19:41:07.532 [main] INFO  com.qa.base.BaseTest - Setting webDriver...
2024-01-20 19:41:11.841 [main] INFO  com.qa.base.BaseTest - TestMethod: Entering Test Method
2024-01-20 19:41:15.514 [main] INFO  com.qa.base.BaseTest - AfterMethod: Log result in extent reports...
2024-01-20 19:41:15.519 [main] INFO  com.qa.base.BaseTest - AfterTest: Flushing extent reports...
2024-01-20 19:41:43.648 [main] INFO  com.qa.base.BaseTest - BeforeTest: Initializing extent reports...
2024-01-20 19:41:43.775 [main] INFO  com.qa.base.BaseTest - BeforeMethod: Initializing Web Driver...
2024-01-20 19:41:43.778 [main] INFO  com.qa.base.BaseTest - Setting webDriver...
2024-01-20 19:41:59.983 [main] INFO  com.qa.base.BaseTest - TestMethod: Entering Test Method
2024-01-20 19:42:20.849 [main] INFO  com.qa.base.BaseTest - AfterMethod: Log result in extent reports...
2024-01-20 19:42:20.854 [main] INFO  com.qa.base.BaseTest - AfterTest: Flushing extent reports...
2024-01-20 19:42:26.676 [main] INFO  com.qa.base.BaseTest - BeforeTest: Initializing extent reports...
2024-01-20 19:42:26.806 [main] INFO  com.qa.base.BaseTest - BeforeMethod: Initializing Web Driver...
2024-01-20 19:42:26.809 [main] INFO  com.qa.base.BaseTest - Setting webDriver...
2024-01-20 19:42:42.412 [main] INFO  com.qa.base.BaseTest - TestMethod: Entering Test Method
2024-01-20 19:42:44.297 [main] INFO  com.qa.base.BaseTest - AfterMethod: Log result in extent reports...
2024-01-20 19:42:44.302 [main] INFO  com.qa.base.BaseTest - AfterTest: Flushing extent reports...
2024-01-20 19:55:42.823 [main] INFO  com.qa.base.BaseTest - BeforeTest: Initializing extent reports...
2024-01-20 19:55:43.069 [main] INFO  com.qa.base.BaseTest - BeforeMethod: Initializing Web Driver...
2024-01-20 19:55:43.072 [main] INFO  com.qa.base.BaseTest - Setting webDriver...
2024-01-20 19:56:00.008 [main] INFO  com.qa.base.BaseTest - TestMethod: Entering Test Method
2024-01-20 19:56:02.064 [main] INFO  com.qa.base.BaseTest - AfterMethod: Log result in extent reports...
2024-01-20 19:56:02.077 [main] INFO  com.qa.base.BaseTest - AfterTest: Flushing extent reports...
2024-01-20 19:56:19.962 [main] INFO  com.qa.base.BaseTest - BeforeTest: Initializing extent reports...
2024-01-20 19:56:20.177 [main] INFO  com.qa.base.BaseTest - BeforeMethod: Initializing Web Driver...
2024-01-20 19:56:20.186 [main] INFO  com.qa.base.BaseTest - Setting webDriver...
2024-01-20 19:56:31.603 [main] INFO  com.qa.base.BaseTest - TestMethod: Entering Test Method
2024-01-20 19:56:33.509 [main] INFO  com.qa.base.BaseTest - AfterMethod: Log result in extent reports...
2024-01-20 19:56:33.524 [main] INFO  com.qa.base.BaseTest - AfterTest: Flushing extent reports...
